<?xml version="1.0" encoding="UTF-8"?>
<testsuite xmlns:xsi="http://www.w3.org/2001/XMLSchema-instance" xsi:noNamespaceSchemaLocation="https://maven.apache.org/surefire/maven-surefire-plugin/xsd/surefire-test-report.xsd" name="domain.AppTest" time="0.06" tests="3" errors="0" skipped="0" failures="1">
  <properties>
[...]
</properties>
  <testcase name="afmeldingInThePast" classname="domain.AppTest" time="0.031">
    <failure message="Array is niet leeg: Afmelding is toegevoegd." type="java.lang.AssertionError">java.lang.AssertionError: Array is niet leeg: Afmelding is toegevoegd.
	at domain.AppTest.afmeldingInThePast(AppTest.java:27)
</failure>
    <system-out><![CDATA[hey
]]></system-out>
  </testcase>
  <testcase name="afmeldingInPresent" classname="domain.AppTest" time="0"/>
  <testcase name="afmeldingInTheFuture" classname="domain.AppTest" time="0.001"/>
</testsuite>